TN:
SF:./src/scripts/feedback.js
FN:11,(anonymous_1)
FN:17,(anonymous_2)
FN:21,(anonymous_3)
FN:58,(anonymous_4)
FN:67,(anonymous_5)
FN:74,(anonymous_6)
FN:87,(anonymous_7)
FN:92,(anonymous_8)
FN:123,(anonymous_9)
FN:129,(anonymous_10)
FN:143,(anonymous_11)
FN:147,(anonymous_12)
FN:151,(anonymous_13)
FN:155,(anonymous_14)
FN:159,(anonymous_15)
FN:163,(anonymous_16)
FN:167,(anonymous_17)
FNF:17
FNH:17
FNDA:1,(anonymous_1)
FNDA:14,(anonymous_2)
FNDA:14,(anonymous_3)
FNDA:2,(anonymous_4)
FNDA:3,(anonymous_5)
FNDA:2,(anonymous_6)
FNDA:2,(anonymous_7)
FNDA:12,(anonymous_8)
FNDA:1,(anonymous_9)
FNDA:2,(anonymous_10)
FNDA:2,(anonymous_11)
FNDA:6,(anonymous_12)
FNDA:5,(anonymous_13)
FNDA:4,(anonymous_14)
FNDA:10,(anonymous_15)
FNDA:1,(anonymous_16)
FNDA:3,(anonymous_17)
DA:11,1
DA:15,1
DA:17,1
DA:19,14
DA:23,14
DA:29,14
DA:31,14
DA:40,14
DA:41,14
DA:43,14
DA:45,14
DA:47,14
DA:56,14
DA:58,14
DA:59,2
DA:60,2
DA:61,2
DA:62,2
DA:63,2
DA:64,2
DA:67,14
DA:68,3
DA:69,1
DA:71,2
DA:74,3
DA:75,2
DA:80,14
DA:85,14
DA:88,2
DA:89,2
DA:93,12
DA:95,12
DA:96,1
DA:99,11
DA:100,11
DA:102,11
DA:103,1
DA:105,10
DA:106,10
DA:107,2
DA:111,11
DA:112,11
DA:113,11
DA:115,11
DA:116,11
DA:117,11
DA:118,11
DA:119,11
DA:120,11
DA:122,11
DA:123,9
DA:124,1
DA:130,2
DA:131,2
DA:133,2
DA:135,2
DA:136,2
DA:137,2
DA:138,2
DA:139,2
DA:140,2
DA:144,2
DA:148,6
DA:152,5
DA:156,4
DA:160,10
DA:164,1
DA:168,3
DA:169,2
DA:171,1
DA:176,14
LF:71
LH:71
BRDA:68,1,0,1
BRDA:68,1,1,2
BRDA:88,2,0,2
BRDA:88,2,1,1
BRDA:95,3,0,1
BRDA:95,3,1,11
BRDA:102,4,0,1
BRDA:102,4,1,10
BRDA:106,5,0,2
BRDA:106,5,1,8
BRDA:106,6,0,10
BRDA:106,6,1,5
BRDA:112,7,0,2
BRDA:112,7,1,9
BRDA:122,8,0,9
BRDA:122,8,1,2
BRDA:168,9,0,2
BRDA:168,9,1,1
BRDA:168,10,0,3
BRDA:168,10,1,2
BRF:20
BRH:20
end_of_record
